This file contains any messages produced by compilers while
running configure, to aid debugging if configure makes a mistake.

It was created by configure, which was
generated by GNU Autoconf 2.69.  Invocation command line was

  $ ./configure --with-php-config=/usr/local/Cellar/php@7.1/7.1.32/bin/php-config --enable-async-redis

## --------- ##
## Platform. ##
## --------- ##

hostname = MacBookPro
uname -m = x86_64
uname -r = 17.7.0
uname -s = Darwin
uname -v = Darwin Kernel Version 17.7.0: Thu Jun 21 22:53:14 PDT 2018; root:xnu-4570.71.2~1/RELEASE_X86_64

/usr/bin/uname -p = i386
/bin/uname -X     = unknown

/bin/arch              = unknown
/usr/bin/arch -k       = unknown
/usr/convex/getsysinfo = unknown
/usr/bin/hostinfo      = Mach kernel version:
	 Darwin Kernel Version 17.7.0: Thu Jun 21 22:53:14 PDT 2018; root:xnu-4570.71.2~1/RELEASE_X86_64
Kernel configured for up to 4 processors.
2 processors are physically available.
4 processors are logically available.
Processor type: x86_64h (Intel x86-64h Haswell)
Processors active: 0 1 2 3
Primary memory available: 16.00 gigabytes
Default processor set: 454 tasks, 2136 threads, 4 processors
Load average: 2.68, Mach factor: 1.31
/bin/machine           = unknown
/usr/bin/oslevel       = unknown
/bin/universe          = unknown

PATH: /usr/local/opt/php@7.1/sbin
PATH: /usr/local/opt/php@7.1/bin
PATH: /usr/local/bin
PATH: /usr/bin
PATH: /bin
PATH: /usr/sbin
PATH: /sbin
PATH: /usr/local/go/bin


## ----------- ##
## Core tests. ##
## ----------- ##

configure:2468: checking for grep that handles long lines and -e
configure:2526: result: /usr/bin/grep
configure:2531: checking for egrep
configure:2593: result: /usr/bin/grep -E
configure:2598: checking for a sed that does not truncate output
configure:2652: result: /usr/bin/sed
configure:2789: checking for cc
configure:2805: found /usr/bin/cc
configure:2816: result: cc
configure:2847: checking for C compiler version
configure:2856: cc --version >&5
Apple LLVM version 9.1.0 (clang-902.0.39.1)
Target: x86_64-apple-darwin17.7.0
Thread model: posix
InstalledDir: /Library/Developer/CommandLineTools/usr/bin
configure:2867: $? = 0
configure:2856: cc -v >&5
Apple LLVM version 9.1.0 (clang-902.0.39.1)
Target: x86_64-apple-darwin17.7.0
Thread model: posix
InstalledDir: /Library/Developer/CommandLineTools/usr/bin
configure:2867: $? = 0
configure:2856: cc -V >&5
clang: error: argument to '-V' is missing (expected 1 value)
clang: error: no input files
configure:2867: $? = 1
configure:2856: cc -qversion >&5
clang: error: unknown argument: '-qversion'
clang: error: no input files
configure:2867: $? = 1
configure:2887: checking whether the C compiler works
configure:2909: cc    conftest.c  >&5
configure:2913: $? = 0
configure:2961: result: yes
configure:2964: checking for C compiler default output file name
configure:2966: result: a.out
configure:2972: checking for suffix of executables
configure:2979: cc -o conftest    conftest.c  >&5
configure:2983: $? = 0
configure:3005: result: 
configure:3027: checking whether we are cross compiling
configure:3035: cc -o conftest    conftest.c  >&5
configure:3039: $? = 0
configure:3046: ./conftest
configure:3050: $? = 0
configure:3065: result: no
configure:3070: checking for suffix of object files
configure:3092: cc -c   conftest.c >&5
configure:3096: $? = 0
configure:3117: result: o
configure:3121: checking whether we are using the GNU C compiler
configure:3140: cc -c   conftest.c >&5
configure:3140: $? = 0
configure:3149: result: yes
configure:3158: checking whether cc accepts -g
configure:3178: cc -c -g  conftest.c >&5
configure:3178: $? = 0
configure:3219: result: yes
configure:3236: checking for cc option to accept ISO C89
configure:3299: cc  -c -g -O2  conftest.c >&5
configure:3299: $? = 0
configure:3312: result: none needed
configure:3338: checking how to run the C preprocessor
configure:3369: cc -E  conftest.c
configure:3369: $? = 0
configure:3383: cc -E  conftest.c
conftest.c:9:10: fatal error: 'ac_nonexistent.h' file not found
#include <ac_nonexistent.h>
         ^~~~~~~~~~~~~~~~~~
1 error generated.
configure:3383: $? = 1
configure: failed program was:
| /* confdefs.h */
| #define PACKAGE_NAME ""
| #define PACKAGE_TARNAME ""
| #define PACKAGE_VERSION ""
| #define PACKAGE_STRING ""
| #define PACKAGE_BUGREPORT ""
| #define PACKAGE_URL ""
| /* end confdefs.h.  */
| #include <ac_nonexistent.h>
configure:3408: result: cc -E
configure:3428: cc -E  conftest.c
configure:3428: $? = 0
configure:3442: cc -E  conftest.c
conftest.c:9:10: fatal error: 'ac_nonexistent.h' file not found
#include <ac_nonexistent.h>
         ^~~~~~~~~~~~~~~~~~
1 error generated.
configure:3442: $? = 1
configure: failed program was:
| /* confdefs.h */
| #define PACKAGE_NAME ""
| #define PACKAGE_TARNAME ""
| #define PACKAGE_VERSION ""
| #define PACKAGE_STRING ""
| #define PACKAGE_BUGREPORT ""
| #define PACKAGE_URL ""
| /* end confdefs.h.  */
| #include <ac_nonexistent.h>
configure:3473: checking for icc
configure:3482: result: no
configure:3496: checking for suncc
configure:3505: result: no
configure:3523: checking whether cc understands -c and -o together
configure:3551: cc -c conftest.c -o conftest2.o >&5
configure:3555: $? = 0
configure:3561: cc -c conftest.c -o conftest2.o >&5
configure:3565: $? = 0
configure:3620: result: yes
configure:3634: checking for system library directory
configure:3649: result: lib
configure:3656: checking if compiler supports -R
configure:3675: cc -o conftest -g -O2   conftest.c -R /usr/lib  >&5
warning: unknown remark option '-R' [-Wunknown-warning-option]
1 warning generated.
ld: can't map file, errno=22 file '/usr/lib' for architecture x86_64
clang: error: linker command failed with exit code 1 (use -v to see invocation)
configure:3675: $? = 1
configure: failed program was:
| /* confdefs.h */
| #define PACKAGE_NAME ""
| #define PACKAGE_TARNAME ""
| #define PACKAGE_VERSION ""
| #define PACKAGE_STRING ""
| #define PACKAGE_BUGREPORT ""
| #define PACKAGE_URL ""
| /* end confdefs.h.  */
| 
| int
| main ()
| {
| 
|   ;
|   return 0;
| }
configure:3685: result: no
configure:3690: checking if compiler supports -Wl,-rpath,
configure:3709: cc -o conftest -g -O2   conftest.c -Wl,-rpath,/usr/lib  >&5
configure:3709: $? = 0
configure:3719: result: yes
configure:3764: checking build system type
configure:3778: result: x86_64-apple-darwin17.7.0
configure:3798: checking host system type
configure:3811: result: x86_64-apple-darwin17.7.0
configure:3831: checking target system type
configure:3844: result: x86_64-apple-darwin17.7.0
configure:3947: checking for PHP prefix
configure:3949: result: /usr/local/Cellar/php@7.1/7.1.32
configure:3951: checking for PHP includes
configure:3953: result: -I/usr/local/Cellar/php@7.1/7.1.32/include/php -I/usr/local/Cellar/php@7.1/7.1.32/include/php/main -I/usr/local/Cellar/php@7.1/7.1.32/include/php/TSRM -I/usr/local/Cellar/php@7.1/7.1.32/include/php/Zend -I/usr/local/Cellar/php@7.1/7.1.32/include/php/ext -I/usr/local/Cellar/php@7.1/7.1.32/include/php/ext/date/lib
configure:3955: checking for PHP extension directory
configure:3957: result: /usr/local/Cellar/php@7.1/7.1.32/pecl/20160303
configure:3959: checking for PHP installed headers prefix
configure:3961: result: /usr/local/Cellar/php@7.1/7.1.32/include/php
configure:3964: checking if debug is enabled
configure:3990: result: no
configure:3993: checking if zts is enabled
configure:4019: result: no
configure:4090: checking for re2c
configure:4120: result: no
configure:4145: WARNING: You will need re2c 0.13.4 or later if you want to regenerate PHP parsers.
configure:4159: checking for gawk
configure:4190: result: no
configure:4159: checking for nawk
configure:4190: result: no
configure:4159: checking for awk
configure:4176: found /usr/bin/awk
configure:4187: result: awk
configure:4210: checking if awk is broken
configure:4217: result: no
configure:4233: checking whether to enable swoole debug
configure:4247: result: no
configure:4256: checking Whether to enable trace log
configure:4270: result: no
configure:4279: checking enable sockets support
configure:4293: result: no
configure:4302: checking enable async_redis support
configure:4316: result: yes
configure:4325: checking enable coroutine postgresql support
configure:4339: result: no
configure:4348: checking enable openssl support
configure:4362: result: no
configure:4371: checking enable http2.0 support
configure:4385: result: no
configure:4394: checking enable thread support
configure:4408: result: no
configure:4417: checking enable hugepage support
configure:4431: result: no
configure:4440: checking swoole support
configure:4479: result: yes, shared
configure:4488: checking swoole static compile support
configure:4502: result: no
configure:4511: checking swoole support
configure:4551: result: yes, shared
configure:4560: checking for libpq support
configure:4575: result: no
configure:4584: checking for OpenSSL support
configure:4599: result: no
configure:4608: checking for PHP-X support
configure:4623: result: no
configure:4632: checking for jemalloc support
configure:4647: result: no
configure:4656: checking enable mysqlnd support
configure:4670: result: no
configure:4679: checking whether to enable coroutine
configure:4693: result: yes
configure:4702: checking whether to enable asan
configure:4716: result: no
configure:4725: checking enable picohttpparser support
configure:4739: result: no
configure:4748: checking swoole support
configure:4788: result: yes, shared
configure:4797: checking enable timewheel support
configure:4811: result: no
configure:4833: checking if compiling with clang
configure:4851: cc -c -g -O2  conftest.c >&5
configure:4851: $? = 0
configure:4858: result: yes
configure:4947: checking for cpu affinity
configure:4971: cc -c -g -O2 -std=gnu89  conftest.c >&5
conftest.c:23:9: error: use of undeclared identifier 'cpu_set_t'
        cpu_set_t cpu_set;
        ^
conftest.c:24:19: error: use of undeclared identifier 'cpu_set'
        CPU_ZERO(&cpu_set);
                  ^
2 errors generated.
configure:4971: $? = 1
configure: failed program was:
| /* confdefs.h */
| #define PACKAGE_NAME ""
| #define PACKAGE_TARNAME ""
| #define PACKAGE_VERSION ""
| #define PACKAGE_STRING ""
| #define PACKAGE_BUGREPORT ""
| #define PACKAGE_URL ""
| #define SW_COROUTINE 1
| /* end confdefs.h.  */
| 
|         #ifdef __FreeBSD__
|         #include <sys/types.h>
|         #include <sys/cpuset.h>
|         typedef cpuset_t cpu_set_t;
|         #else
|         #include <sched.h>
|         #endif
| 
| int
| main ()
| {
| 
|         cpu_set_t cpu_set;
|         CPU_ZERO(&cpu_set);
| 
|   ;
|   return 0;
| }
configure:4981: result: no
configure:4988: checking for socket REUSEPORT
configure:5006: cc -c -g -O2 -std=gnu89  conftest.c >&5
configure:5006: $? = 0
configure:5011: result: yes
configure:5023: checking for futex
configure:5044: cc -c -g -O2 -std=gnu89  conftest.c >&5
conftest.c:12:18: fatal error: 'linux/futex.h' file not found
        #include <linux/futex.h>
                 ^~~~~~~~~~~~~~~
1 error generated.
configure:5044: $? = 1
configure: failed program was:
| /* confdefs.h */
| #define PACKAGE_NAME ""
| #define PACKAGE_TARNAME ""
| #define PACKAGE_VERSION ""
| #define PACKAGE_STRING ""
| #define PACKAGE_BUGREPORT ""
| #define PACKAGE_URL ""
| #define SW_COROUTINE 1
| #define HAVE_REUSEPORT 1
| /* end confdefs.h.  */
| 
|         #include <linux/futex.h>
|         #include <syscall.h>
|         #include <unistd.h>
| 
| int
| main ()
| {
| 
|         int futex_addr;
|         int val1;
|         syscall(SYS_futex, &futex_addr, val1, NULL, NULL, 0);
| 
|   ;
|   return 0;
| }
configure:5054: result: no
configure:5061: checking for linux aio
configure:5084: cc -c -g -O2 -std=gnu89  conftest.c >&5
conftest.c:13:18: fatal error: 'linux/aio_abi.h' file not found
        #include <linux/aio_abi.h>
                 ^~~~~~~~~~~~~~~~~
1 error generated.
configure:5084: $? = 1
configure: failed program was:
| /* confdefs.h */
| #define PACKAGE_NAME ""
| #define PACKAGE_TARNAME ""
| #define PACKAGE_VERSION ""
| #define PACKAGE_STRING ""
| #define PACKAGE_BUGREPORT ""
| #define PACKAGE_URL ""
| #define SW_COROUTINE 1
| #define HAVE_REUSEPORT 1
| /* end confdefs.h.  */
| 
|         #include <sys/syscall.h>
|         #include <linux/aio_abi.h>
|         #include <unistd.h>
| 
| int
| main ()
| {
| 
|         struct iocb *iocbps[1];
|         struct iocb iocbp;
|         aio_context_t context;
|         iocbps[0] = &iocbp;
|         io_submit(context, 1, iocbps);
| 
|   ;
|   return 0;
| }
configure:5094: result: no
configure:5101: checking for ucontext
configure:5121: cc -c -g -O2 -std=gnu89  conftest.c >&5
In file included from conftest.c:13:
/usr/include/ucontext.h:43:2: error: The deprecated ucontext routines require _XOPEN_SOURCE to be defined
#error The deprecated ucontext routines require _XOPEN_SOURCE to be defined
 ^
conftest.c:20:9: error: use of undeclared identifier 'ucontext_t'
        ucontext_t context;
        ^
conftest.c:21:9: warning: declaration of built-in function 'getcontext' requires inclusion of the header <ucontext.h> [-Wbuiltin-requires-header]
        getcontext(&context);
        ^
conftest.c:21:21: error: use of undeclared identifier 'context'
        getcontext(&context);
                    ^
1 warning and 3 errors generated.
configure:5121: $? = 1
configure: failed program was:
| /* confdefs.h */
| #define PACKAGE_NAME ""
| #define PACKAGE_TARNAME ""
| #define PACKAGE_VERSION ""
| #define PACKAGE_STRING ""
| #define PACKAGE_BUGREPORT ""
| #define PACKAGE_URL ""
| #define SW_COROUTINE 1
| #define HAVE_REUSEPORT 1
| /* end confdefs.h.  */
| 
|         #include <stdio.h>
|         #include <ucontext.h>
|         #include <unistd.h>
| 
| int
| main ()
| {
| 
|         ucontext_t context;
|         getcontext(&context);
| 
|   ;
|   return 0;
| }
configure:5131: result: no
configure:5195: checking for g++
configure:5211: found /usr/bin/g++
configure:5222: result: g++
configure:5249: checking for C++ compiler version
configure:5258: g++ --version >&5
Apple LLVM version 9.1.0 (clang-902.0.39.1)
Target: x86_64-apple-darwin17.7.0
Thread model: posix
InstalledDir: /Library/Developer/CommandLineTools/usr/bin
Configured with: --prefix=/Library/Developer/CommandLineTools/usr --with-gxx-include-dir=/usr/include/c++/4.2.1
configure:5269: $? = 0
configure:5258: g++ -v >&5
Configured with: --prefix=/Library/Developer/CommandLineTools/usr --with-gxx-include-dir=/usr/include/c++/4.2.1
Apple LLVM version 9.1.0 (clang-902.0.39.1)
Target: x86_64-apple-darwin17.7.0
Thread model: posix
InstalledDir: /Library/Developer/CommandLineTools/usr/bin
configure:5269: $? = 0
configure:5258: g++ -V >&5
clang: error: argument to '-V' is missing (expected 1 value)
clang: error: no input files
configure:5269: $? = 1
configure:5258: g++ -qversion >&5
clang: error: unknown argument: '-qversion'
clang: error: no input files
configure:5269: $? = 1
configure:5273: checking whether we are using the GNU C++ compiler
configure:5292: g++ -c   conftest.cpp >&5
configure:5292: $? = 0
configure:5301: result: yes
configure:5310: checking whether g++ accepts -g
configure:5330: g++ -c -g  conftest.cpp >&5
configure:5330: $? = 0
configure:5371: result: yes
configure:5396: checking for boost.context
configure:5419: g++ -c -g -O2  conftest.cpp >&5
conftest.cpp:12:18: fatal error: 'boost/context/all.hpp' file not found
        #include <boost/context/all.hpp>
                 ^~~~~~~~~~~~~~~~~~~~~~~
1 error generated.
configure:5419: $? = 1
configure: failed program was:
| /* confdefs.h */
| #define PACKAGE_NAME ""
| #define PACKAGE_TARNAME ""
| #define PACKAGE_VERSION ""
| #define PACKAGE_STRING ""
| #define PACKAGE_BUGREPORT ""
| #define PACKAGE_URL ""
| #define SW_COROUTINE 1
| #define HAVE_REUSEPORT 1
| /* end confdefs.h.  */
| 
|         #include <boost/context/all.hpp>
| 
| int
| main ()
| {
| 
| 
| 
|   ;
|   return 0;
| }
configure:5430: result: no
configure:5437: checking for valgrind
configure:5460: g++ -c -g -O2  conftest.cpp >&5
conftest.cpp:12:18: fatal error: 'valgrind/valgrind.h' file not found
        #include <valgrind/valgrind.h>
                 ^~~~~~~~~~~~~~~~~~~~~
1 error generated.
configure:5460: $? = 1
configure: failed program was:
| /* confdefs.h */
| #define PACKAGE_NAME ""
| #define PACKAGE_TARNAME ""
| #define PACKAGE_VERSION ""
| #define PACKAGE_STRING ""
| #define PACKAGE_BUGREPORT ""
| #define PACKAGE_URL ""
| #define SW_COROUTINE 1
| #define HAVE_REUSEPORT 1
| /* end confdefs.h.  */
| 
|         #include <valgrind/valgrind.h>
| 
| int
| main ()
| {
| 
| 
| 
|   ;
|   return 0;
| }
configure:5470: result: no
configure:5481: checking for clock_gettime in -lc
configure:5506: g++ -o conftest -g -O2   -lpthread conftest.cpp -lc   >&5
configure:5506: $? = 0
configure:5515: result: yes
configure:6243: checking for accept4 in -lc
configure:6268: g++ -o conftest -g -O2   -lpthread conftest.cpp -lc   >&5
Undefined symbols for architecture x86_64:
  "_accept4", referenced from:
      _main in conftest-189d54.o
ld: symbol(s) not found for architecture x86_64
clang: error: linker command failed with exit code 1 (use -v to see invocation)
configure:6268: $? = 1
configure: failed program was:
| /* confdefs.h */
| #define PACKAGE_NAME ""
| #define PACKAGE_TARNAME ""
| #define PACKAGE_VERSION ""
| #define PACKAGE_STRING ""
| #define PACKAGE_BUGREPORT ""
| #define PACKAGE_URL ""
| #define SW_COROUTINE 1
| #define HAVE_REUSEPORT 1
| #define HAVE_CLOCK_GETTIME 1
| #define SW_USE_REDIS 1
| /* end confdefs.h.  */
| 
| /* Override any GCC internal prototype to avoid an error.
|    Use char because int might match the return type of a GCC
|    builtin and then its argument prototype would still apply.  */
| #ifdef __cplusplus
| extern "C"
| #endif
| char accept4 ();
| int
| main ()
| {
| return accept4 ();
|   ;
|   return 0;
| }
configure:6277: result: no
configure:6285: checking for signalfd in -lc
configure:6310: g++ -o conftest -g -O2   -lpthread conftest.cpp -lc   >&5
Undefined symbols for architecture x86_64:
  "_signalfd", referenced from:
      _main in conftest-db5f98.o
ld: symbol(s) not found for architecture x86_64
clang: error: linker command failed with exit code 1 (use -v to see invocation)
configure:6310: $? = 1
configure: failed program was:
| /* confdefs.h */
| #define PACKAGE_NAME ""
| #define PACKAGE_TARNAME ""
| #define PACKAGE_VERSION ""
| #define PACKAGE_STRING ""
| #define PACKAGE_BUGREPORT ""
| #define PACKAGE_URL ""
| #define SW_COROUTINE 1
| #define HAVE_REUSEPORT 1
| #define HAVE_CLOCK_GETTIME 1
| #define SW_USE_REDIS 1
| /* end confdefs.h.  */
| 
| /* Override any GCC internal prototype to avoid an error.
|    Use char because int might match the return type of a GCC
|    builtin and then its argument prototype would still apply.  */
| #ifdef __cplusplus
| extern "C"
| #endif
| char signalfd ();
| int
| main ()
| {
| return signalfd ();
|   ;
|   return 0;
| }
configure:6319: result: no
configure:6327: checking for timerfd_create in -lc
configure:6352: g++ -o conftest -g -O2   -lpthread conftest.cpp -lc   >&5
Undefined symbols for architecture x86_64:
  "_timerfd_create", referenced from:
      _main in conftest-6edb71.o
ld: symbol(s) not found for architecture x86_64
clang: error: linker command failed with exit code 1 (use -v to see invocation)
configure:6352: $? = 1
configure: failed program was:
| /* confdefs.h */
| #define PACKAGE_NAME ""
| #define PACKAGE_TARNAME ""
| #define PACKAGE_VERSION ""
| #define PACKAGE_STRING ""
| #define PACKAGE_BUGREPORT ""
| #define PACKAGE_URL ""
| #define SW_COROUTINE 1
| #define HAVE_REUSEPORT 1
| #define HAVE_CLOCK_GETTIME 1
| #define SW_USE_REDIS 1
| /* end confdefs.h.  */
| 
| /* Override any GCC internal prototype to avoid an error.
|    Use char because int might match the return type of a GCC
|    builtin and then its argument prototype would still apply.  */
| #ifdef __cplusplus
| extern "C"
| #endif
| char timerfd_create ();
| int
| main ()
| {
| return timerfd_create ();
|   ;
|   return 0;
| }
configure:6361: result: no
configure:6369: checking for eventfd in -lc
configure:6394: g++ -o conftest -g -O2   -lpthread conftest.cpp -lc   >&5
Undefined symbols for architecture x86_64:
  "_eventfd", referenced from:
      _main in conftest-8d8ebe.o
ld: symbol(s) not found for architecture x86_64
clang: error: linker command failed with exit code 1 (use -v to see invocation)
configure:6394: $? = 1
configure: failed program was:
| /* confdefs.h */
| #define PACKAGE_NAME ""
| #define PACKAGE_TARNAME ""
| #define PACKAGE_VERSION ""
| #define PACKAGE_STRING ""
| #define PACKAGE_BUGREPORT ""
| #define PACKAGE_URL ""
| #define SW_COROUTINE 1
| #define HAVE_REUSEPORT 1
| #define HAVE_CLOCK_GETTIME 1
| #define SW_USE_REDIS 1
| /* end confdefs.h.  */
| 
| /* Override any GCC internal prototype to avoid an error.
|    Use char because int might match the return type of a GCC
|    builtin and then its argument prototype would still apply.  */
| #ifdef __cplusplus
| extern "C"
| #endif
| char eventfd ();
| int
| main ()
| {
| return eventfd ();
|   ;
|   return 0;
| }
configure:6403: result: no
configure:6411: checking for epoll_create in -lc
configure:6436: g++ -o conftest -g -O2   -lpthread conftest.cpp -lc   >&5
Undefined symbols for architecture x86_64:
  "_epoll_create", referenced from:
      _main in conftest-ec8b90.o
ld: symbol(s) not found for architecture x86_64
clang: error: linker command failed with exit code 1 (use -v to see invocation)
configure:6436: $? = 1
configure: failed program was:
| /* confdefs.h */
| #define PACKAGE_NAME ""
| #define PACKAGE_TARNAME ""
| #define PACKAGE_VERSION ""
| #define PACKAGE_STRING ""
| #define PACKAGE_BUGREPORT ""
| #define PACKAGE_URL ""
| #define SW_COROUTINE 1
| #define HAVE_REUSEPORT 1
| #define HAVE_CLOCK_GETTIME 1
| #define SW_USE_REDIS 1
| /* end confdefs.h.  */
| 
| /* Override any GCC internal prototype to avoid an error.
|    Use char because int might match the return type of a GCC
|    builtin and then its argument prototype would still apply.  */
| #ifdef __cplusplus
| extern "C"
| #endif
| char epoll_create ();
| int
| main ()
| {
| return epoll_create ();
|   ;
|   return 0;
| }
configure:6445: result: no
configure:6453: checking for poll in -lc
configure:6478: g++ -o conftest -g -O2   -lpthread conftest.cpp -lc   >&5
configure:6478: $? = 0
configure:6487: result: yes
configure:6495: checking for sendfile in -lc
configure:6520: g++ -o conftest -g -O2   -lpthread conftest.cpp -lc   >&5
configure:6520: $? = 0
configure:6529: result: yes
configure:6537: checking for kqueue in -lc
configure:6562: g++ -o conftest -g -O2   -lpthread conftest.cpp -lc   >&5
configure:6562: $? = 0
configure:6571: result: yes
configure:6579: checking for backtrace in -lc
configure:6604: g++ -o conftest -g -O2   -lpthread conftest.cpp -lc   >&5
configure:6604: $? = 0
configure:6613: result: yes
configure:6621: checking for daemon in -lc
configure:6646: g++ -o conftest -g -O2   -lpthread conftest.cpp -lc   >&5
configure:6646: $? = 0
configure:6655: result: yes
configure:6663: checking for mkostemp in -lc
configure:6688: g++ -o conftest -g -O2   -lpthread conftest.cpp -lc   >&5
configure:6688: $? = 0
configure:6697: result: yes
configure:6705: checking for inotify_init in -lc
configure:6730: g++ -o conftest -g -O2   -lpthread conftest.cpp -lc   >&5
Undefined symbols for architecture x86_64:
  "_inotify_init", referenced from:
      _main in conftest-c56f26.o
ld: symbol(s) not found for architecture x86_64
clang: error: linker command failed with exit code 1 (use -v to see invocation)
configure:6730: $? = 1
configure: failed program was:
| /* confdefs.h */
| #define PACKAGE_NAME ""
| #define PACKAGE_TARNAME ""
| #define PACKAGE_VERSION ""
| #define PACKAGE_STRING ""
| #define PACKAGE_BUGREPORT ""
| #define PACKAGE_URL ""
| #define SW_COROUTINE 1
| #define HAVE_REUSEPORT 1
| #define HAVE_CLOCK_GETTIME 1
| #define SW_USE_REDIS 1
| #define HAVE_POLL 1
| #define HAVE_SENDFILE 1
| #define HAVE_KQUEUE 1
| #define HAVE_EXECINFO 1
| #define HAVE_DAEMON 1
| #define HAVE_MKOSTEMP 1
| /* end confdefs.h.  */
| 
| /* Override any GCC internal prototype to avoid an error.
|    Use char because int might match the return type of a GCC
|    builtin and then its argument prototype would still apply.  */
| #ifdef __cplusplus
| extern "C"
| #endif
| char inotify_init ();
| int
| main ()
| {
| return inotify_init ();
|   ;
|   return 0;
| }
configure:6739: result: no
configure:6747: checking for malloc_trim in -lc
configure:6772: g++ -o conftest -g -O2   -lpthread conftest.cpp -lc   >&5
Undefined symbols for architecture x86_64:
  "_malloc_trim", referenced from:
      _main in conftest-b1f3cd.o
ld: symbol(s) not found for architecture x86_64
clang: error: linker command failed with exit code 1 (use -v to see invocation)
configure:6772: $? = 1
configure: failed program was:
| /* confdefs.h */
| #define PACKAGE_NAME ""
| #define PACKAGE_TARNAME ""
| #define PACKAGE_VERSION ""
| #define PACKAGE_STRING ""
| #define PACKAGE_BUGREPORT ""
| #define PACKAGE_URL ""
| #define SW_COROUTINE 1
| #define HAVE_REUSEPORT 1
| #define HAVE_CLOCK_GETTIME 1
| #define SW_USE_REDIS 1
| #define HAVE_POLL 1
| #define HAVE_SENDFILE 1
| #define HAVE_KQUEUE 1
| #define HAVE_EXECINFO 1
| #define HAVE_DAEMON 1
| #define HAVE_MKOSTEMP 1
| /* end confdefs.h.  */
| 
| /* Override any GCC internal prototype to avoid an error.
|    Use char because int might match the return type of a GCC
|    builtin and then its argument prototype would still apply.  */
| #ifdef __cplusplus
| extern "C"
| #endif
| char malloc_trim ();
| int
| main ()
| {
| return malloc_trim ();
|   ;
|   return 0;
| }
configure:6781: result: no
configure:6789: checking for inotify_init1 in -lc
configure:6814: g++ -o conftest -g -O2   -lpthread conftest.cpp -lc   >&5
Undefined symbols for architecture x86_64:
  "_inotify_init1", referenced from:
      _main in conftest-59f974.o
ld: symbol(s) not found for architecture x86_64
clang: error: linker command failed with exit code 1 (use -v to see invocation)
configure:6814: $? = 1
configure: failed program was:
| /* confdefs.h */
| #define PACKAGE_NAME ""
| #define PACKAGE_TARNAME ""
| #define PACKAGE_VERSION ""
| #define PACKAGE_STRING ""
| #define PACKAGE_BUGREPORT ""
| #define PACKAGE_URL ""
| #define SW_COROUTINE 1
| #define HAVE_REUSEPORT 1
| #define HAVE_CLOCK_GETTIME 1
| #define SW_USE_REDIS 1
| #define HAVE_POLL 1
| #define HAVE_SENDFILE 1
| #define HAVE_KQUEUE 1
| #define HAVE_EXECINFO 1
| #define HAVE_DAEMON 1
| #define HAVE_MKOSTEMP 1
| /* end confdefs.h.  */
| 
| /* Override any GCC internal prototype to avoid an error.
|    Use char because int might match the return type of a GCC
|    builtin and then its argument prototype would still apply.  */
| #ifdef __cplusplus
| extern "C"
| #endif
| char inotify_init1 ();
| int
| main ()
| {
| return inotify_init1 ();
|   ;
|   return 0;
| }
configure:6823: result: no
configure:6831: checking for gethostbyname2_r in -lc
configure:6856: g++ -o conftest -g -O2   -lpthread conftest.cpp -lc   >&5
Undefined symbols for architecture x86_64:
  "_gethostbyname2_r", referenced from:
      _main in conftest-a4c4d8.o
ld: symbol(s) not found for architecture x86_64
clang: error: linker command failed with exit code 1 (use -v to see invocation)
configure:6856: $? = 1
configure: failed program was:
| /* confdefs.h */
| #define PACKAGE_NAME ""
| #define PACKAGE_TARNAME ""
| #define PACKAGE_VERSION ""
| #define PACKAGE_STRING ""
| #define PACKAGE_BUGREPORT ""
| #define PACKAGE_URL ""
| #define SW_COROUTINE 1
| #define HAVE_REUSEPORT 1
| #define HAVE_CLOCK_GETTIME 1
| #define SW_USE_REDIS 1
| #define HAVE_POLL 1
| #define HAVE_SENDFILE 1
| #define HAVE_KQUEUE 1
| #define HAVE_EXECINFO 1
| #define HAVE_DAEMON 1
| #define HAVE_MKOSTEMP 1
| /* end confdefs.h.  */
| 
| /* Override any GCC internal prototype to avoid an error.
|    Use char because int might match the return type of a GCC
|    builtin and then its argument prototype would still apply.  */
| #ifdef __cplusplus
| extern "C"
| #endif
| char gethostbyname2_r ();
| int
| main ()
| {
| return gethostbyname2_r ();
|   ;
|   return 0;
| }
configure:6865: result: no
configure:6873: checking for ptrace in -lc
configure:6898: g++ -o conftest -g -O2   -lpthread conftest.cpp -lc   >&5
configure:6898: $? = 0
configure:6907: result: yes
configure:6915: checking for pthread_rwlock_init in -lpthread
configure:6940: g++ -o conftest -g -O2   -lpthread conftest.cpp -lpthread   >&5
configure:6940: $? = 0
configure:6949: result: yes
configure:6957: checking for pthread_spin_lock in -lpthread
configure:6982: g++ -o conftest -g -O2   -lpthread conftest.cpp -lpthread   >&5
Undefined symbols for architecture x86_64:
  "_pthread_spin_lock", referenced from:
      _main in conftest-fd5a1d.o
ld: symbol(s) not found for architecture x86_64
clang: error: linker command failed with exit code 1 (use -v to see invocation)
configure:6982: $? = 1
configure: failed program was:
| /* confdefs.h */
| #define PACKAGE_NAME ""
| #define PACKAGE_TARNAME ""
| #define PACKAGE_VERSION ""
| #define PACKAGE_STRING ""
| #define PACKAGE_BUGREPORT ""
| #define PACKAGE_URL ""
| #define SW_COROUTINE 1
| #define HAVE_REUSEPORT 1
| #define HAVE_CLOCK_GETTIME 1
| #define SW_USE_REDIS 1
| #define HAVE_POLL 1
| #define HAVE_SENDFILE 1
| #define HAVE_KQUEUE 1
| #define HAVE_EXECINFO 1
| #define HAVE_DAEMON 1
| #define HAVE_MKOSTEMP 1
| #define HAVE_PTRACE 1
| #define HAVE_RWLOCK 1
| /* end confdefs.h.  */
| 
| /* Override any GCC internal prototype to avoid an error.
|    Use char because int might match the return type of a GCC
|    builtin and then its argument prototype would still apply.  */
| #ifdef __cplusplus
| extern "C"
| #endif
| char pthread_spin_lock ();
| int
| main ()
| {
| return pthread_spin_lock ();
|   ;
|   return 0;
| }
configure:6991: result: no
configure:6999: checking for pthread_mutex_timedlock in -lpthread
configure:7024: g++ -o conftest -g -O2   -lpthread conftest.cpp -lpthread   >&5
Undefined symbols for architecture x86_64:
  "_pthread_mutex_timedlock", referenced from:
      _main in conftest-4cd597.o
ld: symbol(s) not found for architecture x86_64
clang: error: linker command failed with exit code 1 (use -v to see invocation)
configure:7024: $? = 1
configure: failed program was:
| /* confdefs.h */
| #define PACKAGE_NAME ""
| #define PACKAGE_TARNAME ""
| #define PACKAGE_VERSION ""
| #define PACKAGE_STRING ""
| #define PACKAGE_BUGREPORT ""
| #define PACKAGE_URL ""
| #define SW_COROUTINE 1
| #define HAVE_REUSEPORT 1
| #define HAVE_CLOCK_GETTIME 1
| #define SW_USE_REDIS 1
| #define HAVE_POLL 1
| #define HAVE_SENDFILE 1
| #define HAVE_KQUEUE 1
| #define HAVE_EXECINFO 1
| #define HAVE_DAEMON 1
| #define HAVE_MKOSTEMP 1
| #define HAVE_PTRACE 1
| #define HAVE_RWLOCK 1
| /* end confdefs.h.  */
| 
| /* Override any GCC internal prototype to avoid an error.
|    Use char because int might match the return type of a GCC
|    builtin and then its argument prototype would still apply.  */
| #ifdef __cplusplus
| extern "C"
| #endif
| char pthread_mutex_timedlock ();
| int
| main ()
| {
| return pthread_mutex_timedlock ();
|   ;
|   return 0;
| }
configure:7033: result: no
configure:7041: checking for pthread_barrier_init in -lpthread
configure:7066: g++ -o conftest -g -O2   -lpthread conftest.cpp -lpthread   >&5
Undefined symbols for architecture x86_64:
  "_pthread_barrier_init", referenced from:
      _main in conftest-9d3bb4.o
ld: symbol(s) not found for architecture x86_64
clang: error: linker command failed with exit code 1 (use -v to see invocation)
configure:7066: $? = 1
configure: failed program was:
| /* confdefs.h */
| #define PACKAGE_NAME ""
| #define PACKAGE_TARNAME ""
| #define PACKAGE_VERSION ""
| #define PACKAGE_STRING ""
| #define PACKAGE_BUGREPORT ""
| #define PACKAGE_URL ""
| #define SW_COROUTINE 1
| #define HAVE_REUSEPORT 1
| #define HAVE_CLOCK_GETTIME 1
| #define SW_USE_REDIS 1
| #define HAVE_POLL 1
| #define HAVE_SENDFILE 1
| #define HAVE_KQUEUE 1
| #define HAVE_EXECINFO 1
| #define HAVE_DAEMON 1
| #define HAVE_MKOSTEMP 1
| #define HAVE_PTRACE 1
| #define HAVE_RWLOCK 1
| /* end confdefs.h.  */
| 
| /* Override any GCC internal prototype to avoid an error.
|    Use char because int might match the return type of a GCC
|    builtin and then its argument prototype would still apply.  */
| #ifdef __cplusplus
| extern "C"
| #endif
| char pthread_barrier_init ();
| int
| main ()
| {
| return pthread_barrier_init ();
|   ;
|   return 0;
| }
configure:7075: result: no
configure:7083: checking for pcre_compile in -lpcre
configure:7108: g++ -o conftest -g -O2   -lpthread conftest.cpp -lpcre   >&5
configure:7108: $? = 0
configure:7117: result: yes
configure:7125: checking for redisConnect in -lhiredis
configure:7150: g++ -o conftest -g -O2   -lpthread conftest.cpp -lhiredis   >&5
configure:7150: $? = 0
configure:7159: result: yes
configure:7167: checking for PQconnectdb in -lpq
configure:7192: g++ -o conftest -g -O2   -lpthread conftest.cpp -lpq   >&5
configure:7192: $? = 0
configure:7201: result: yes
configure:7209: checking for nghttp2_hd_inflate_new in -lnghttp2
configure:7234: g++ -o conftest -g -O2   -lpthread conftest.cpp -lnghttp2   >&5
configure:7234: $? = 0
configure:7243: result: yes
configure:7252: checking for gzgets in -lz
configure:7277: g++ -o conftest -g -O2   -lpthread conftest.cpp -lz   >&5
configure:7277: $? = 0
configure:7286: result: yes
configure:8048: checking for C++ compiler version
configure:8057: g++ --version >&5
Apple LLVM version 9.1.0 (clang-902.0.39.1)
Target: x86_64-apple-darwin17.7.0
Thread model: posix
InstalledDir: /Library/Developer/CommandLineTools/usr/bin
Configured with: --prefix=/Library/Developer/CommandLineTools/usr --with-gxx-include-dir=/usr/include/c++/4.2.1
configure:8068: $? = 0
configure:8057: g++ -v >&5
Configured with: --prefix=/Library/Developer/CommandLineTools/usr --with-gxx-include-dir=/usr/include/c++/4.2.1
Apple LLVM version 9.1.0 (clang-902.0.39.1)
Target: x86_64-apple-darwin17.7.0
Thread model: posix
InstalledDir: /Library/Developer/CommandLineTools/usr/bin
configure:8068: $? = 0
configure:8057: g++ -V >&5
clang: error: argument to '-V' is missing (expected 1 value)
clang: error: no input files
configure:8068: $? = 1
configure:8057: g++ -qversion >&5
clang: error: unknown argument: '-qversion'
clang: error: no input files
configure:8068: $? = 1
configure:8072: checking whether we are using the GNU C++ compiler
configure:8100: result: yes
configure:8109: checking whether g++ accepts -g
configure:8170: result: yes
configure:8198: checking how to run the C++ preprocessor
configure:8225: g++ -E  conftest.cpp
configure:8225: $? = 0
configure:8239: g++ -E  conftest.cpp
conftest.cpp:27:10: fatal error: 'ac_nonexistent.h' file not found
#include <ac_nonexistent.h>
         ^~~~~~~~~~~~~~~~~~
1 error generated.
configure:8239: $? = 1
configure: failed program was:
| /* confdefs.h */
| #define PACKAGE_NAME ""
| #define PACKAGE_TARNAME ""
| #define PACKAGE_VERSION ""
| #define PACKAGE_STRING ""
| #define PACKAGE_BUGREPORT ""
| #define PACKAGE_URL ""
| #define SW_COROUTINE 1
| #define HAVE_REUSEPORT 1
| #define HAVE_CLOCK_GETTIME 1
| #define SW_USE_REDIS 1
| #define HAVE_POLL 1
| #define HAVE_SENDFILE 1
| #define HAVE_KQUEUE 1
| #define HAVE_EXECINFO 1
| #define HAVE_DAEMON 1
| #define HAVE_MKOSTEMP 1
| #define HAVE_PTRACE 1
| #define HAVE_RWLOCK 1
| #define HAVE_PCRE 1
| #define HAVE_HIREDIS 1
| #define HAVE_POSTGRESQL 1
| #define HAVE_NGHTTP2 1
| #define SW_HAVE_ZLIB 1
| #define COMPILE_DL_SWOOLE 1
| /* end confdefs.h.  */
| #include <ac_nonexistent.h>
configure:8264: result: g++ -E
configure:8284: g++ -E  conftest.cpp
configure:8284: $? = 0
configure:8298: g++ -E  conftest.cpp
conftest.cpp:27:10: fatal error: 'ac_nonexistent.h' file not found
#include <ac_nonexistent.h>
         ^~~~~~~~~~~~~~~~~~
1 error generated.
configure:8298: $? = 1
configure: failed program was:
| /* confdefs.h */
| #define PACKAGE_NAME ""
| #define PACKAGE_TARNAME ""
| #define PACKAGE_VERSION ""
| #define PACKAGE_STRING ""
| #define PACKAGE_BUGREPORT ""
| #define PACKAGE_URL ""
| #define SW_COROUTINE 1
| #define HAVE_REUSEPORT 1
| #define HAVE_CLOCK_GETTIME 1
| #define SW_USE_REDIS 1
| #define HAVE_POLL 1
| #define HAVE_SENDFILE 1
| #define HAVE_KQUEUE 1
| #define HAVE_EXECINFO 1
| #define HAVE_DAEMON 1
| #define HAVE_MKOSTEMP 1
| #define HAVE_PTRACE 1
| #define HAVE_RWLOCK 1
| #define HAVE_PCRE 1
| #define HAVE_HIREDIS 1
| #define HAVE_POSTGRESQL 1
| #define HAVE_NGHTTP2 1
| #define SW_HAVE_ZLIB 1
| #define COMPILE_DL_SWOOLE 1
| /* end confdefs.h.  */
| #include <ac_nonexistent.h>
configure:8561: checking for ld used by cc
configure:8628: result: /Library/Developer/CommandLineTools/usr/bin/ld
configure:8635: checking if the linker (/Library/Developer/CommandLineTools/usr/bin/ld) is GNU ld
configure:8650: result: no
configure:8655: checking for /Library/Developer/CommandLineTools/usr/bin/ld option to reload object files
configure:8662: result: -r
configure:8680: checking for BSD-compatible nm
configure:8729: result: /usr/bin/nm -B
configure:8733: checking whether ln -s works
configure:8737: result: yes
configure:8744: checking how to recognize dependent libraries
configure:8930: result: pass_all
configure:9148: checking for ANSI C header files
configure:9168: g++ -c -g -O2  conftest.cpp >&5
configure:9168: $? = 0
configure:9241: g++ -o conftest -g -O2   -lpthread conftest.cpp -lstdc++  >&5
configure:9241: $? = 0
configure:9241: ./conftest
configure:9241: $? = 0
configure:9252: result: yes
configure:9265: checking for sys/types.h
configure:9265: g++ -c -g -O2  conftest.cpp >&5
configure:9265: $? = 0
configure:9265: result: yes
configure:9265: checking for sys/stat.h
configure:9265: g++ -c -g -O2  conftest.cpp >&5
configure:9265: $? = 0
configure:9265: result: yes
configure:9265: checking for stdlib.h
configure:9265: g++ -c -g -O2  conftest.cpp >&5
configure:9265: $? = 0
configure:9265: result: yes
configure:9265: checking for string.h
configure:9265: g++ -c -g -O2  conftest.cpp >&5
configure:9265: $? = 0
configure:9265: result: yes
configure:9265: checking for memory.h
configure:9265: g++ -c -g -O2  conftest.cpp >&5
configure:9265: $? = 0
configure:9265: result: yes
configure:9265: checking for strings.h
configure:9265: g++ -c -g -O2  conftest.cpp >&5
configure:9265: $? = 0
configure:9265: result: yes
configure:9265: checking for inttypes.h
configure:9265: g++ -c -g -O2  conftest.cpp >&5
configure:9265: $? = 0
configure:9265: result: yes
configure:9265: checking for stdint.h
configure:9265: g++ -c -g -O2  conftest.cpp >&5
configure:9265: $? = 0
configure:9265: result: yes
configure:9265: checking for unistd.h
configure:9265: g++ -c -g -O2  conftest.cpp >&5
configure:9265: $? = 0
configure:9265: result: yes
configure:9279: checking dlfcn.h usability
configure:9279: g++ -c -g -O2  conftest.cpp >&5
configure:9279: $? = 0
configure:9279: result: yes
configure:9279: checking dlfcn.h presence
configure:9279: g++ -E  conftest.cpp
configure:9279: $? = 0
configure:9279: result: yes
configure:9279: checking for dlfcn.h
configure:9279: result: yes
configure:9299: checking how to run the C++ preprocessor
configure:9365: result: g++ -E
configure:9385: g++ -E  conftest.cpp
configure:9385: $? = 0
configure:9399: g++ -E  conftest.cpp
conftest.cpp:38:10: fatal error: 'ac_nonexistent.h' file not found
#include <ac_nonexistent.h>
         ^~~~~~~~~~~~~~~~~~
1 error generated.
configure:9399: $? = 1
configure: failed program was:
| /* confdefs.h */
| #define PACKAGE_NAME ""
| #define PACKAGE_TARNAME ""
| #define PACKAGE_VERSION ""
| #define PACKAGE_STRING ""
| #define PACKAGE_BUGREPORT ""
| #define PACKAGE_URL ""
| #define SW_COROUTINE 1
| #define HAVE_REUSEPORT 1
| #define HAVE_CLOCK_GETTIME 1
| #define SW_USE_REDIS 1
| #define HAVE_POLL 1
| #define HAVE_SENDFILE 1
| #define HAVE_KQUEUE 1
| #define HAVE_EXECINFO 1
| #define HAVE_DAEMON 1
| #define HAVE_MKOSTEMP 1
| #define HAVE_PTRACE 1
| #define HAVE_RWLOCK 1
| #define HAVE_PCRE 1
| #define HAVE_HIREDIS 1
| #define HAVE_POSTGRESQL 1
| #define HAVE_NGHTTP2 1
| #define SW_HAVE_ZLIB 1
| #define COMPILE_DL_SWOOLE 1
| #define STDC_HEADERS 1
| #define HAVE_SYS_TYPES_H 1
| #define HAVE_SYS_STAT_H 1
| #define HAVE_STDLIB_H 1
| #define HAVE_STRING_H 1
| #define HAVE_MEMORY_H 1
| #define HAVE_STRINGS_H 1
| #define HAVE_INTTYPES_H 1
| #define HAVE_STDINT_H 1
| #define HAVE_UNISTD_H 1
| #define HAVE_DLFCN_H 1
| /* end confdefs.h.  */
| #include <ac_nonexistent.h>
configure:9432: checking the maximum length of command line arguments
configure:9544: result: 196608
configure:9556: checking command to parse /usr/bin/nm -B output from cc object
configure:9661: g++ -c -g -O2  conftest.cpp >&5
configure:9664: $? = 0
configure:9668: /usr/bin/nm -B conftest.o \| sed -n -e 's/^.*[ 	]\([BCDEGRST][BCDEGRST]*\)[ 	][ 	]*\([_A-Za-z][_A-Za-z0-9]*\)$/\1 \2 \2/p' \> conftest.nm
configure:9671: $? = 0
cannot find nm_test_var in conftest.nm
configure:9661: g++ -c -g -O2  conftest.cpp >&5
configure:9664: $? = 0
configure:9668: /usr/bin/nm -B conftest.o \| sed -n -e 's/^.*[ 	]\([BCDEGRST][BCDEGRST]*\)[ 	][ 	]*_\([_A-Za-z][_A-Za-z0-9]*\)$/\1 _\2 \2/p' \> conftest.nm
configure:9671: $? = 0
configure:9723: g++ -o conftest -g -O2   -lpthread conftest.cpp conftstm.o >&5
configure:9726: $? = 0
configure:9764: result: ok
configure:9768: checking for objdir
configure:9783: result: .libs
configure:9875: checking for ar
configure:9891: found /usr/bin/ar
configure:9902: result: ar
configure:9967: checking for ranlib
configure:9983: found /usr/bin/ranlib
configure:9994: result: ranlib
configure:10059: checking for strip
configure:10075: found /usr/bin/strip
configure:10086: result: strip
configure:10339: checking for dsymutil
configure:10355: found /usr/bin/dsymutil
configure:10366: result: dsymutil
configure:10431: checking for nmedit
configure:10447: found /usr/bin/nmedit
configure:10458: result: nmedit
configure:10481: checking for -single_module linker flag
configure:10502: result: yes
configure:10504: checking for -exported_symbols_list linker flag
configure:10520: g++ -o conftest -g -O2   -lpthread -Wl,-exported_symbols_list,conftest.sym conftest.cpp -lstdc++  >&5
configure:10523: $? = 0
configure:10537: result: yes
configure:10655: checking if cc supports -fno-rtti -fno-exceptions
configure:10673: cc -c -Wall -pthread -g -O2 -std=gnu89  -fno-rtti -fno-exceptions conftest.c >&5
configure:10677: $? = 0
configure:10690: result: yes
configure:10705: checking for cc option to produce PIC
configure:10945: result: -fno-common
configure:10953: checking if cc PIC flag -fno-common works
configure:10971: cc -c -Wall -pthread -g -O2 -std=gnu89  -fno-common -DPIC conftest.c >&5
configure:10975: $? = 0
configure:10988: result: yes
configure:11016: checking if cc static flag -static works
configure:11044: result: no
configure:11054: checking if cc supports -c -o file.o
configure:11075: cc -c -Wall -pthread -g -O2 -std=gnu89  -o out/conftest2.o conftest.c >&5
configure:11079: $? = 0
configure:11101: result: yes
configure:11127: checking whether the cc linker (/Library/Developer/CommandLineTools/usr/bin/ld) supports shared libraries
configure:12055: result: yes
configure:12122: checking dynamic linker characteristics
configure:12720: result: darwin17.7.0 dyld
configure:12744: checking how to hardcode library paths into programs
configure:12769: result: immediate
configure:12783: checking whether stripping libraries is possible
configure:12797: result: yes
configure:13305: checking if libtool supports shared libraries
configure:13307: result: yes
configure:13310: checking whether to build shared libraries
configure:13331: result: yes
configure:13334: checking whether to build static libraries
configure:13338: result: no
configure:13433: result:
creating libtool
configure:14024: checking for ld used by g++
configure:14091: result: /Library/Developer/CommandLineTools/usr/bin/ld
configure:14098: checking if the linker (/Library/Developer/CommandLineTools/usr/bin/ld) is GNU ld
configure:14113: result: no
configure:14164: checking whether the g++ linker (/Library/Developer/CommandLineTools/usr/bin/ld) supports shared libraries
configure:15062: result: yes
configure:15083: g++ -c -g -O2  conftest.cpp >&5
configure:15086: $? = 0
configure:15242: checking for g++ option to produce PIC
configure:15532: result: -fno-common
configure:15540: checking if g++ PIC flag -fno-common works
configure:15558: g++ -c -g -O2  -fno-common -DPIC conftest.cpp >&5
configure:15562: $? = 0
configure:15575: result: yes
configure:15603: checking if g++ static flag -static works
configure:15631: result: no
configure:15641: checking if g++ supports -c -o file.o
configure:15662: g++ -c -g -O2  -o out/conftest2.o conftest.cpp >&5
configure:15666: $? = 0
configure:15688: result: yes
configure:15714: checking whether the g++ linker (/Library/Developer/CommandLineTools/usr/bin/ld) supports shared libraries
configure:15740: result: yes
configure:15807: checking dynamic linker characteristics
configure:16353: result: darwin17.7.0 dyld
configure:16377: checking how to hardcode library paths into programs
configure:16402: result: immediate
configure:17131: creating ./config.status

## ---------------------- ##
## Running config.status. ##
## ---------------------- ##

This file was extended by config.status, which was
generated by GNU Autoconf 2.69.  Invocation command line was

  CONFIG_FILES    = 
  CONFIG_HEADERS  = 
  CONFIG_LINKS    = 
  CONFIG_COMMANDS = 
  $ ./config.status 

on MacBookPro

config.status:693: creating config.h

## ---------------- ##
## Cache variables. ##
## ---------------- ##

ac_cv_build=x86_64-apple-darwin17.7.0
ac_cv_c_compiler_gnu=yes
ac_cv_cxx_compiler_gnu=yes
ac_cv_env_CCC_set=
ac_cv_env_CCC_value=
ac_cv_env_CC_set=
ac_cv_env_CC_value=
ac_cv_env_CFLAGS_set=
ac_cv_env_CFLAGS_value=
ac_cv_env_CPPFLAGS_set=
ac_cv_env_CPPFLAGS_value=
ac_cv_env_CPP_set=
ac_cv_env_CPP_value=
ac_cv_env_CXXCPP_set=
ac_cv_env_CXXCPP_value=
ac_cv_env_CXXFLAGS_set=
ac_cv_env_CXXFLAGS_value=
ac_cv_env_CXX_set=
ac_cv_env_CXX_value=
ac_cv_env_LDFLAGS_set=
ac_cv_env_LDFLAGS_value=
ac_cv_env_LIBS_set=
ac_cv_env_LIBS_value=
ac_cv_env_build_alias_set=
ac_cv_env_build_alias_value=
ac_cv_env_host_alias_set=
ac_cv_env_host_alias_value=
ac_cv_env_target_alias_set=
ac_cv_env_target_alias_value=
ac_cv_header_dlfcn_h=yes
ac_cv_header_inttypes_h=yes
ac_cv_header_memory_h=yes
ac_cv_header_stdc=yes
ac_cv_header_stdint_h=yes
ac_cv_header_stdlib_h=yes
ac_cv_header_string_h=yes
ac_cv_header_strings_h=yes
ac_cv_header_sys_stat_h=yes
ac_cv_header_sys_types_h=yes
ac_cv_header_unistd_h=yes
ac_cv_host=x86_64-apple-darwin17.7.0
ac_cv_lib_c_accept4=no
ac_cv_lib_c_backtrace=yes
ac_cv_lib_c_clock_gettime=yes
ac_cv_lib_c_daemon=yes
ac_cv_lib_c_epoll_create=no
ac_cv_lib_c_eventfd=no
ac_cv_lib_c_gethostbyname2_r=no
ac_cv_lib_c_inotify_init1=no
ac_cv_lib_c_inotify_init=no
ac_cv_lib_c_kqueue=yes
ac_cv_lib_c_malloc_trim=no
ac_cv_lib_c_mkostemp=yes
ac_cv_lib_c_poll=yes
ac_cv_lib_c_ptrace=yes
ac_cv_lib_c_sendfile=yes
ac_cv_lib_c_signalfd=no
ac_cv_lib_c_timerfd_create=no
ac_cv_lib_hiredis_redisConnect=yes
ac_cv_lib_nghttp2_nghttp2_hd_inflate_new=yes
ac_cv_lib_pcre_pcre_compile=yes
ac_cv_lib_pq_PQconnectdb=yes
ac_cv_lib_pthread_pthread_barrier_init=no
ac_cv_lib_pthread_pthread_mutex_timedlock=no
ac_cv_lib_pthread_pthread_rwlock_init=yes
ac_cv_lib_pthread_pthread_spin_lock=no
ac_cv_lib_z_gzgets=yes
ac_cv_objext=o
ac_cv_path_EGREP='/usr/bin/grep -E'
ac_cv_path_GREP=/usr/bin/grep
ac_cv_prog_AWK=awk
ac_cv_prog_CPP='cc -E'
ac_cv_prog_CXXCPP='g++ -E'
ac_cv_prog_ac_ct_AR=ar
ac_cv_prog_ac_ct_CC=cc
ac_cv_prog_ac_ct_CXX=g++
ac_cv_prog_ac_ct_DSYMUTIL=dsymutil
ac_cv_prog_ac_ct_NMEDIT=nmedit
ac_cv_prog_ac_ct_RANLIB=ranlib
ac_cv_prog_ac_ct_STRIP=strip
ac_cv_prog_cc_c89=
ac_cv_prog_cc_cc_c_o=yes
ac_cv_prog_cc_g=yes
ac_cv_prog_cxx_g=yes
ac_cv_target=x86_64-apple-darwin17.7.0
lt_cv_apple_cc_single_mod=yes
lt_cv_deplibs_check_method=pass_all
lt_cv_file_magic_cmd='$MAGIC_CMD'
lt_cv_file_magic_test_file=
lt_cv_ld_exported_symbols_list=yes
lt_cv_ld_reload_flag=-r
lt_cv_objdir=.libs
lt_cv_path_LD=/Library/Developer/CommandLineTools/usr/bin/ld
lt_cv_path_LDCXX=/Library/Developer/CommandLineTools/usr/bin/ld
lt_cv_path_NM='/usr/bin/nm -B'
lt_cv_path_SED=/usr/bin/sed
lt_cv_prog_compiler_c_o=yes
lt_cv_prog_compiler_c_o_CXX=yes
lt_cv_prog_compiler_pic_works=yes
lt_cv_prog_compiler_pic_works_CXX=yes
lt_cv_prog_compiler_rtti_exceptions=yes
lt_cv_prog_compiler_static_works=no
lt_cv_prog_compiler_static_works_CXX=no
lt_cv_prog_gnu_ld=no
lt_cv_prog_gnu_ldcxx=no
lt_cv_sys_global_symbol_pipe='sed -n -e '\''s/^.*[ 	]\([BCDEGRST][BCDEGRST]*\)[ 	][ 	]*_\([_A-Za-z][_A-Za-z0-9]*\)$/\1 _\2 \2/p'\'''
lt_cv_sys_global_symbol_to_c_name_address='sed -n -e '\''s/^: \([^ ]*\) $/  {\"\1\", (lt_ptr) 0},/p'\'' -e '\''s/^[BCDEGRST] \([^ ]*\) \([^ ]*\)$/  {"\2", (lt_ptr) \&\2},/p'\'''
lt_cv_sys_global_symbol_to_cdecl='sed -n -e '\''s/^. .* \(.*\)$/extern int \1;/p'\'''
lt_cv_sys_lib_dlsearch_path_spec='/usr/local/lib /lib /usr/lib'
lt_cv_sys_lib_search_path_spec='/Library/Developer/CommandLineTools/usr/lib/clang/9.1.0 /usr/local/lib'
lt_cv_sys_max_cmd_len=196608
lt_lt_cv_prog_compiler_c_o='"yes"'
lt_lt_cv_prog_compiler_c_o_CXX='"yes"'
lt_lt_cv_sys_global_symbol_pipe='"sed -n -e '\''s/^.*[ 	]\\([BCDEGRST][BCDEGRST]*\\)[ 	][ 	]*_\\([_A-Za-z][_A-Za-z0-9]*\\)\$/\\1 _\\2 \\2/p'\''"'
lt_lt_cv_sys_global_symbol_to_c_name_address='"sed -n -e '\''s/^: \\([^ ]*\\) \$/  {\\\"\\1\\\", (lt_ptr) 0},/p'\'' -e '\''s/^[BCDEGRST] \\([^ ]*\\) \\([^ ]*\\)\$/  {\"\\2\", (lt_ptr) \\&\\2},/p'\''"'
lt_lt_cv_sys_global_symbol_to_cdecl='"sed -n -e '\''s/^. .* \\(.*\\)\$/extern int \\1;/p'\''"'
php_cv_cc_dashr=no
php_cv_cc_rpath=yes

## ----------------- ##
## Output variables. ##
## ----------------- ##

AR='ar'
AWK='awk'
CC='cc'
CFLAGS='-Wall -pthread -g -O2 -std=gnu89'
CONFIGURE_COMMAND=' '\''./configure'\''  '\''--with-php-config=/usr/local/Cellar/php@7.1/7.1.32/bin/php-config'\'' '\''--enable-async-redis'\'''
CONFIGURE_OPTIONS=' '\''--with-php-config=/usr/local/Cellar/php@7.1/7.1.32/bin/php-config'\'' '\''--enable-async-redis'\'''
CPP='cc -E'
CPPFLAGS=' -DHAVE_CONFIG_H'
CXX='g++'
CXXCPP='g++ -E'
CXXFLAGS='-g -O2'
DEFS='-DHAVE_CONFIG_H'
DSYMUTIL='dsymutil'
ECHO='/bin/echo'
ECHO_C='\c'
ECHO_N=''
ECHO_T=''
EGREP='/usr/bin/grep -E'
EXEEXT=''
GREP='/usr/bin/grep'
LDFLAGS=' -lpthread'
LIBOBJS=''
LIBS='-lstdc++ '
LIBTOOL='$(SHELL) $(top_builddir)/libtool'
LN_S='ln -s'
LTLIBOBJS=''
NMEDIT='nmedit'
OBJEXT='o'
PACKAGE_BUGREPORT=''
PACKAGE_NAME=''
PACKAGE_STRING=''
PACKAGE_TARNAME=''
PACKAGE_URL=''
PACKAGE_VERSION=''
PATH_SEPARATOR=':'
RANLIB='ranlib'
RE2C='exit 0;'
SED='/usr/bin/sed'
SHELL='/bin/sh'
SHLIB_DL_SUFFIX_NAME='so'
SHLIB_SUFFIX_NAME='dylib'
STRIP='strip'
ac_ct_CC='cc'
ac_ct_CXX='g++'
bindir='${exec_prefix}/bin'
build='x86_64-apple-darwin17.7.0'
build_alias=''
build_cpu='x86_64'
build_os='darwin17.7.0'
build_vendor='apple'
datadir='${datarootdir}'
datarootdir='${prefix}/share'
docdir='${datarootdir}/doc/${PACKAGE}'
dvidir='${docdir}'
exec_prefix='$(prefix)'
host='x86_64-apple-darwin17.7.0'
host_alias='x86_64-apple-darwin17.7.0'
host_cpu='x86_64'
host_os='darwin17.7.0'
host_vendor='apple'
htmldir='${docdir}'
includedir='${prefix}/include'
infodir='${datarootdir}/info'
libdir='${exec_prefix}/lib'
libexecdir='${exec_prefix}/libexec'
localedir='${datarootdir}/locale'
localstatedir='${prefix}/var'
mandir='${datarootdir}/man'
oldincludedir='/usr/include'
pdfdir='${docdir}'
prefix='/usr/local/Cellar/php@7.1/7.1.32'
program_transform_name='s,x,x,'
psdir='${docdir}'
sbindir='${exec_prefix}/sbin'
sharedstatedir='${prefix}/com'
sysconfdir='${prefix}/etc'
target='x86_64-apple-darwin17.7.0'
target_alias=''
target_cpu='x86_64'
target_os='darwin17.7.0'
target_vendor='apple'

## ----------- ##
## confdefs.h. ##
## ----------- ##

/* confdefs.h */
#define PACKAGE_NAME ""
#define PACKAGE_TARNAME ""
#define PACKAGE_VERSION ""
#define PACKAGE_STRING ""
#define PACKAGE_BUGREPORT ""
#define PACKAGE_URL ""
#define SW_COROUTINE 1
#define HAVE_REUSEPORT 1
#define HAVE_CLOCK_GETTIME 1
#define SW_USE_REDIS 1
#define HAVE_POLL 1
#define HAVE_SENDFILE 1
#define HAVE_KQUEUE 1
#define HAVE_EXECINFO 1
#define HAVE_DAEMON 1
#define HAVE_MKOSTEMP 1
#define HAVE_PTRACE 1
#define HAVE_RWLOCK 1
#define HAVE_PCRE 1
#define HAVE_HIREDIS 1
#define HAVE_POSTGRESQL 1
#define HAVE_NGHTTP2 1
#define SW_HAVE_ZLIB 1
#define COMPILE_DL_SWOOLE 1
#define STDC_HEADERS 1
#define HAVE_SYS_TYPES_H 1
#define HAVE_SYS_STAT_H 1
#define HAVE_STDLIB_H 1
#define HAVE_STRING_H 1
#define HAVE_MEMORY_H 1
#define HAVE_STRINGS_H 1
#define HAVE_INTTYPES_H 1
#define HAVE_STDINT_H 1
#define HAVE_UNISTD_H 1
#define HAVE_DLFCN_H 1

configure: exit 0
